Using pre-set license
Built from '2020.3/staging' branch; Version is '2020.3.19f1 (68f137dc9bbe) revision 6877495'; Using compiler version '192528614'; Build Type 'Release'
OS: 'Windows 10 Enterprise; OS build 18363.1854; Version 1909; 64bit' Language: 'en' Physical Memory: 32490 MB
BatchMode: 1, IsHumanControllingUs: 0, StartBugReporterOnCrash: 0, Is64bit: 1, IsPro: 0

COMMAND LINE ARGUMENTS:
C:\Program Files\Unity\Hub\Editor\2020.3.19f1\Editor\Unity.exe
-adb2
-batchMode
-noUpm
-name
AssetImportWorker0
-projectPath
C:/Users/sserhiychuk/Course Work
-logFile
Logs/AssetImportWorker0.log
-srvPort
54570
Successfully changed project path to: C:/Users/sserhiychuk/Course Work
C:/Users/sserhiychuk/Course Work
Using Asset Import Pipeline V2.
Refreshing native plugins compatible for Editor in 22.40 ms, found 2 plugins.
Preloading 0 native plugins for Editor in 0.00 ms.
Initialize engine version: 2020.3.19f1 (68f137dc9bbe)
[Subsystems] Discovering subsystems at path C:/Program Files/Unity/Hub/Editor/2020.3.19f1/Editor/Data/Resources/UnitySubsystems
[Subsystems] Discovering subsystems at path C:/Users/sserhiychuk/Course Work/Assets
GfxDevice: creating device client; threaded=0
Direct3D:
    Version:  Direct3D 11.0 [level 11.1]
    Renderer: NVIDIA GeForce MX450 (ID=0x1f97)
    Vendor:   
    VRAM:     1928 MB
    Driver:   27.21.14.5256
Initialize mono
Mono path[0] = 'C:/Program Files/Unity/Hub/Editor/2020.3.19f1/Editor/Data/Managed'
Mono path[1] = 'C:/Program Files/Unity/Hub/Editor/2020.3.19f1/Editor/Data/MonoBleedingEdge/lib/mono/unityjit'
Mono config path = 'C:/Program Files/Unity/Hub/Editor/2020.3.19f1/Editor/Data/MonoBleedingEdge/etc'
Using monoOptions --debugger-agent=transport=dt_socket,embedding=1,server=y,suspend=n,address=127.0.0.1:56552
Begin MonoManager ReloadAssembly
Registering precompiled unity dll's ...
Register platform support module: C:/Program Files/Unity/Hub/Editor/2020.3.19f1/Editor/Data/PlaybackEngines/WindowsStandaloneSupport/UnityEditor.WindowsStandalone.Extensions.dll
Registered in 0.002308 seconds.
Native extension for WindowsStandalone target not found
Refreshing native plugins compatible for Editor in 24.82 ms, found 2 plugins.
Preloading 0 native plugins for Editor in 0.00 ms.
Mono: successfully reloaded assembly
- Completed reload, in  1.335 seconds
Domain Reload Profiling:
	ReloadAssembly (1336ms)
		BeginReloadAssembly (39ms)
			ExecutionOrderSort (0ms)
			DisableScriptedObjects (0ms)
			BackupInstance (0ms)
			ReleaseScriptingObjects (0ms)
			CreateAndSetChildDomain (1ms)
		EndReloadAssembly (350ms)
			LoadAssemblies (37ms)
			RebuildTransferFunctionScriptingTraits (0ms)
			SetupTypeCache (126ms)
			ReleaseScriptCaches (0ms)
			RebuildScriptCaches (27ms)
			SetupLoadedEditorAssemblies (134ms)
				LogAssemblyErrors (0ms)
				InitializePlatformSupportModulesInManaged (4ms)
				SetLoadedEditorAssemblies (0ms)
				RefreshPlugins (25ms)
				BeforeProcessingInitializeOnLoad (8ms)
				ProcessInitializeOnLoadAttributes (71ms)
				ProcessInitializeOnLoadMethodAttributes (26ms)
				AfterProcessingInitializeOnLoad (0ms)
				EditorAssembliesLoaded (0ms)
			ExecutionOrderSort2 (0ms)
			AwakeInstancesAfterBackupRestoration (0ms)
Platform modules already initialized, skipping
Registering precompiled user dll's ...
Registered in 0.002133 seconds.
Begin MonoManager ReloadAssembly
Native extension for WindowsStandalone target not found
Refreshing native plugins compatible for Editor in 0.26 ms, found 2 plugins.
Preloading 0 native plugins for Editor in 0.00 ms.
Mono: successfully reloaded assembly
- Completed reload, in  0.720 seconds
Domain Reload Profiling:
	ReloadAssembly (721ms)
		BeginReloadAssembly (104ms)
			ExecutionOrderSort (0ms)
			DisableScriptedObjects (3ms)
			BackupInstance (0ms)
			ReleaseScriptingObjects (0ms)
			CreateAndSetChildDomain (17ms)
		EndReloadAssembly (570ms)
			LoadAssemblies (64ms)
			RebuildTransferFunctionScriptingTraits (0ms)
			SetupTypeCache (190ms)
			ReleaseScriptCaches (1ms)
			RebuildScriptCaches (29ms)
			SetupLoadedEditorAssemblies (222ms)
				LogAssemblyErrors (0ms)
				InitializePlatformSupportModulesInManaged (4ms)
				SetLoadedEditorAssemblies (0ms)
				RefreshPlugins (0ms)
				BeforeProcessingInitializeOnLoad (39ms)
				ProcessInitializeOnLoadAttributes (173ms)
				ProcessInitializeOnLoadMethodAttributes (3ms)
				AfterProcessingInitializeOnLoad (3ms)
				EditorAssembliesLoaded (0ms)
			ExecutionOrderSort2 (0ms)
			AwakeInstancesAfterBackupRestoration (5ms)
Platform modules already initialized, skipping
========================================================================
Worker process is ready to serve import requests
Launched and connected shader compiler UnityShaderCompiler.exe after 0.05 seconds
Refreshing native plugins compatible for Editor in 0.71 ms, found 2 plugins.
Preloading 0 native plugins for Editor in 0.00 ms.
Unloading 1399 Unused Serialized files (Serialized files now loaded: 0)
System memory in use before: 65.0 MB.
System memory in use after: 65.1 MB.

Unloading 16 unused Assets to reduce memory usage. Loaded Objects now: 1834.
Total: 1.967100 ms (FindLiveObjects: 0.103000 ms CreateObjectMapping: 0.023100 ms MarkObjects: 1.775700 ms  DeleteObjects: 0.063900 ms)

AssetImportParameters requested are different than current active one (requested -> active):
  custom:framework-win-MediaFoundation: 216162199b28c13a410421893ffa2e32 -> 
  custom:video-decoder-ogg-theora: a1e56fd34408186e4bbccfd4996cb3dc -> 
  custom:container-muxer-webm: aa71ff27fc2769a1b78a27578f13a17b -> 
  custom:container-demuxer-webm: 4f35f7cbe854078d1ac9338744f61a02 -> 
  custom:container-demuxer-ogg: 62fdf1f143b41e24485cea50d1cbac27 -> 
  custom:video-encoder-webm-vp8: eb34c28f22e8b96e1ab97ce403110664 -> 
  custom:video-decoder-webm-vp8: 9c59270c3fd7afecdb556c50c9e8de78 -> 
  custom:audio-decoder-ogg-vorbis: bf7c407c2cedff20999df2af8eb42d56 -> 
  custom:audio-encoder-webm-vorbis: bf7c407c2cedff20999df2af8eb42d56 -> 
========================================================================
Received Import Request.
  path: Assets/LowPoly Environment Pack/FBX/Stone_1.fbx
  artifactKey: Guid(8da72e9a2ba2b0d4aa84f50b8f19b35f) Importer(815301076,1909f56bfc062723c751e8b465ee728b)
Start importing Assets/LowPoly Environment Pack/FBX/Stone_1.fbx using Guid(8da72e9a2ba2b0d4aa84f50b8f19b35f) Importer(815301076,1909f56bfc062723c751e8b465ee728b)  -> (artifact id: '58d6346d0e33eb63f1ba2af09b62a267') in 0.150912 seconds 
  Import took 0.153403 seconds .

========================================================================
Received Import Request.
  Time since last request: 0.000277 seconds.
  path: Assets/LowPoly Environment Pack/FBX/Plant_6.fbx
  artifactKey: Guid(537ff932739c5174fa989b8403a9db91) Importer(815301076,1909f56bfc062723c751e8b465ee728b)
Start importing Assets/LowPoly Environment Pack/FBX/Plant_6.fbx using Guid(537ff932739c5174fa989b8403a9db91) Importer(815301076,1909f56bfc062723c751e8b465ee728b)  -> (artifact id: '8e589271eb077b7be38a5d6337f7a9dd') in 0.034337 seconds 
  Import took 0.036964 seconds .

========================================================================
Received Import Request.
  Time since last request: 0.000227 seconds.
  path: Assets/LowPoly Environment Pack/FBX
  artifactKey: Guid(330d22fb8481f194e995606c993f12c5) Importer(815301076,1909f56bfc062723c751e8b465ee728b)
Start importing Assets/LowPoly Environment Pack/FBX using Guid(330d22fb8481f194e995606c993f12c5) Importer(815301076,1909f56bfc062723c751e8b465ee728b)  -> (artifact id: 'c9700d9a163c26b44c7b699216a6bf66') in 0.006425 seconds 
  Import took 0.009893 seconds .

========================================================================
Received Import Request.
  Time since last request: 0.000288 seconds.
  path: Assets/LowPoly Environment Pack/FBX/Mounting_1.fbx
  artifactKey: Guid(7d626b52dc7a9c24e95f55619a456158) Importer(815301076,1909f56bfc062723c751e8b465ee728b)
Start importing Assets/LowPoly Environment Pack/FBX/Mounting_1.fbx using Guid(7d626b52dc7a9c24e95f55619a456158) Importer(815301076,1909f56bfc062723c751e8b465ee728b)  -> (artifact id: 'f2227599d8e505efa3174d329073bfd8') in 0.047727 seconds 
  Import took 0.049891 seconds .

========================================================================
Received Import Request.
  Time since last request: 0.000430 seconds.
  path: Assets/LowPoly Environment Pack/FBX/Rock_6.fbx
  artifactKey: Guid(71bb44319f15e0741846c4fad009f013) Importer(815301076,1909f56bfc062723c751e8b465ee728b)
Start importing Assets/LowPoly Environment Pack/FBX/Rock_6.fbx using Guid(71bb44319f15e0741846c4fad009f013) Importer(815301076,1909f56bfc062723c751e8b465ee728b)  -> (artifact id: 'db2bc7d26cd02e60465fab4dcbcb28a4') in 0.033273 seconds 
  Import took 0.035142 seconds .

========================================================================
Received Import Request.
  Time since last request: 0.000316 seconds.
  path: Assets/LowPoly Environment Pack/FBX/Bush_1.fbx
  artifactKey: Guid(1938cd5cf7941f548b756cdb94a425fb) Importer(815301076,1909f56bfc062723c751e8b465ee728b)
Start importing Assets/LowPoly Environment Pack/FBX/Bush_1.fbx using Guid(1938cd5cf7941f548b756cdb94a425fb) Importer(815301076,1909f56bfc062723c751e8b465ee728b)  -> (artifact id: '65a47b95931d5b09348e5c931e7eb622') in 0.047412 seconds 
  Import took 0.049481 seconds .

========================================================================
Received Import Request.
  Time since last request: 0.000309 seconds.
  path: Assets/LowPoly Environment Pack/FBX/Grass_1.fbx
  artifactKey: Guid(34dfeb3f659c70946a7698f1846d752b) Importer(815301076,1909f56bfc062723c751e8b465ee728b)
Start importing Assets/LowPoly Environment Pack/FBX/Grass_1.fbx using Guid(34dfeb3f659c70946a7698f1846d752b) Importer(815301076,1909f56bfc062723c751e8b465ee728b)  -> (artifact id: '1d51a813e8ea818eecf92b5e700b1cfc') in 0.024054 seconds 
  Import took 0.026103 seconds .

========================================================================
Received Import Request.
  Time since last request: 0.000374 seconds.
  path: Assets/LowPoly Environment Pack/FBX/Tree_2.fbx
  artifactKey: Guid(24a759921bedc2541881a0535a7bfcc8) Importer(815301076,1909f56bfc062723c751e8b465ee728b)
Start importing Assets/LowPoly Environment Pack/FBX/Tree_2.fbx using Guid(24a759921bedc2541881a0535a7bfcc8) Importer(815301076,1909f56bfc062723c751e8b465ee728b)  -> (artifact id: '01a71d616793de74e908698ab360057a') in 0.041584 seconds 
  Import took 0.045339 seconds .

========================================================================
Received Import Request.
  Time since last request: 0.000495 seconds.
  path: Assets/LowPoly Environment Pack/FBX/Tree_3.fbx
  artifactKey: Guid(9fae9f7a7664c4c47a4fd4e9eedf6d6c) Importer(815301076,1909f56bfc062723c751e8b465ee728b)
Start importing Assets/LowPoly Environment Pack/FBX/Tree_3.fbx using Guid(9fae9f7a7664c4c47a4fd4e9eedf6d6c) Importer(815301076,1909f56bfc062723c751e8b465ee728b)  -> (artifact id: '72a347eaf0b487cf118877af13316469') in 0.043701 seconds 
  Import took 0.045857 seconds .

========================================================================
Received Import Request.
  Time since last request: 0.000241 seconds.
  path: Assets/LowPoly Environment Pack/FBX/Plant_4.fbx
  artifactKey: Guid(283c2a73be2ff274abe5a6c1e1ee3a48) Importer(815301076,1909f56bfc062723c751e8b465ee728b)
Start importing Assets/LowPoly Environment Pack/FBX/Plant_4.fbx using Guid(283c2a73be2ff274abe5a6c1e1ee3a48) Importer(815301076,1909f56bfc062723c751e8b465ee728b)  -> (artifact id: 'c3f79892afbcc1122aff334b0411e859') in 0.018458 seconds 
  Import took 0.022901 seconds .

========================================================================
Received Import Request.
  Time since last request: 0.000279 seconds.
  path: Assets/LowPoly Environment Pack/FBX/Log_1.fbx
  artifactKey: Guid(f12a3ed37c1553f46a2806744d6b056e) Importer(815301076,1909f56bfc062723c751e8b465ee728b)
Start importing Assets/LowPoly Environment Pack/FBX/Log_1.fbx using Guid(f12a3ed37c1553f46a2806744d6b056e) Importer(815301076,1909f56bfc062723c751e8b465ee728b)  -> (artifact id: 'ea2e1b96037400b736de6ae39ddfb2b6') in 0.018520 seconds 
  Import took 0.020777 seconds .

========================================================================
Received Import Request.
  Time since last request: 0.000266 seconds.
  path: Assets/LowPoly Environment Pack/FBX/Mounting_3.fbx
  artifactKey: Guid(492031f9cbc117d419c5271ccc50b76a) Importer(815301076,1909f56bfc062723c751e8b465ee728b)
Start importing Assets/LowPoly Environment Pack/FBX/Mounting_3.fbx using Guid(492031f9cbc117d419c5271ccc50b76a) Importer(815301076,1909f56bfc062723c751e8b465ee728b)  -> (artifact id: '306c4e266c83397da0f78e98d75d6f74') in 0.016764 seconds 
  Import took 0.018872 seconds .

========================================================================
Received Import Request.
  Time since last request: 0.000315 seconds.
  path: Assets/LowPoly Environment Pack/FBX/Plant_3.fbx
  artifactKey: Guid(90805fe502fa4b94e9cfc4e1c6d566bb) Importer(815301076,1909f56bfc062723c751e8b465ee728b)
Start importing Assets/LowPoly Environment Pack/FBX/Plant_3.fbx using Guid(90805fe502fa4b94e9cfc4e1c6d566bb) Importer(815301076,1909f56bfc062723c751e8b465ee728b)  -> (artifact id: '111c4de23496cdac010f1e0698c37758') in 0.015803 seconds 
  Import took 0.018322 seconds .

========================================================================
Received Import Request.
  Time since last request: 0.000263 seconds.
  path: Assets/LowPoly Environment Pack/FBX/Rock_4.fbx
  artifactKey: Guid(b58e7fdfb89fbc549b36a69243aee4c0) Importer(815301076,1909f56bfc062723c751e8b465ee728b)
Start importing Assets/LowPoly Environment Pack/FBX/Rock_4.fbx using Guid(b58e7fdfb89fbc549b36a69243aee4c0) Importer(815301076,1909f56bfc062723c751e8b465ee728b)  -> (artifact id: '3278ecb8b48672aef403692b14201484') in 0.016132 seconds 
  Import took 0.019196 seconds .

========================================================================
Received Import Request.
  Time since last request: 0.000446 seconds.
  path: Assets/LowPoly Environment Pack/FBX/Log_3.fbx
  artifactKey: Guid(afd0b1f883c32e241806a5fdf70cb47a) Importer(815301076,1909f56bfc062723c751e8b465ee728b)
Start importing Assets/LowPoly Environment Pack/FBX/Log_3.fbx using Guid(afd0b1f883c32e241806a5fdf70cb47a) Importer(815301076,1909f56bfc062723c751e8b465ee728b)  -> (artifact id: '0cb14196d6554067931468b3b7aef634') in 0.018087 seconds 
  Import took 0.021456 seconds .

========================================================================
Received Import Request.
  Time since last request: 0.000277 seconds.
  path: Assets/LowPoly Environment Pack/FBX/Plant_1.fbx
  artifactKey: Guid(3739d3cd85494bb4c887d0401497fe57) Importer(815301076,1909f56bfc062723c751e8b465ee728b)
Start importing Assets/LowPoly Environment Pack/FBX/Plant_1.fbx using Guid(3739d3cd85494bb4c887d0401497fe57) Importer(815301076,1909f56bfc062723c751e8b465ee728b)  -> (artifact id: '68446743ba34543a8bcf3cc9cdad654a') in 0.016942 seconds 
  Import took 0.018912 seconds .

========================================================================
Received Import Request.
  Time since last request: 0.000316 seconds.
  path: Assets/LowPoly Environment Pack/FBX/Log_2.fbx
  artifactKey: Guid(a834527aa1ce23a40857bdc293825f3a) Importer(815301076,1909f56bfc062723c751e8b465ee728b)
Start importing Assets/LowPoly Environment Pack/FBX/Log_2.fbx using Guid(a834527aa1ce23a40857bdc293825f3a) Importer(815301076,1909f56bfc062723c751e8b465ee728b)  -> (artifact id: 'e852bd5fec5a1c8165f231f23606e397') in 0.016795 seconds 
  Import took 0.018738 seconds .

========================================================================
Received Import Request.
  Time since last request: 0.000269 seconds.
  path: Assets/LowPoly Environment Pack/FBX/Rock_1.fbx
  artifactKey: Guid(b2d7d77df4449b24fb2fffe6ca115874) Importer(815301076,1909f56bfc062723c751e8b465ee728b)
Start importing Assets/LowPoly Environment Pack/FBX/Rock_1.fbx using Guid(b2d7d77df4449b24fb2fffe6ca115874) Importer(815301076,1909f56bfc062723c751e8b465ee728b)  -> (artifact id: '15f7246e934cceec27e712c983111d68') in 0.017852 seconds 
  Import took 0.019780 seconds .

========================================================================
Received Import Request.
  Time since last request: 0.000326 seconds.
  path: Assets/LowPoly Environment Pack/FBX/Plant_5.fbx
  artifactKey: Guid(c9ce8f855ca8c98449df4090174b5cd0) Importer(815301076,1909f56bfc062723c751e8b465ee728b)
Start importing Assets/LowPoly Environment Pack/FBX/Plant_5.fbx using Guid(c9ce8f855ca8c98449df4090174b5cd0) Importer(815301076,1909f56bfc062723c751e8b465ee728b)  -> (artifact id: '166bb301a0d9fa40d29fd736e19bf8ae') in 0.019878 seconds 
  Import took 0.022180 seconds .

========================================================================
Received Import Request.
  Time since last request: 0.000285 seconds.
  path: Assets/LowPoly Environment Pack/FBX/Plant_2.fbx
  artifactKey: Guid(c83f502368bab8140af79867b14e99c9) Importer(815301076,1909f56bfc062723c751e8b465ee728b)
Start importing Assets/LowPoly Environment Pack/FBX/Plant_2.fbx using Guid(c83f502368bab8140af79867b14e99c9) Importer(815301076,1909f56bfc062723c751e8b465ee728b)  -> (artifact id: 'f38c02428718e48475786c0a2e393e8a') in 0.016599 seconds 
  Import took 0.019008 seconds .

========================================================================
Received Import Request.
  Time since last request: 0.000259 seconds.
  path: Assets/LowPoly Environment Pack/FBX/Tree_1.fbx
  artifactKey: Guid(c52a1ad28de5ec447a225e11be0fe132) Importer(815301076,1909f56bfc062723c751e8b465ee728b)
Start importing Assets/LowPoly Environment Pack/FBX/Tree_1.fbx using Guid(c52a1ad28de5ec447a225e11be0fe132) Importer(815301076,1909f56bfc062723c751e8b465ee728b)  -> (artifact id: '3c73ebc217e3a10f51a323f6b9765237') in 0.032096 seconds 
  Import took 0.034260 seconds .

========================================================================
Received Import Request.
  Time since last request: 0.000261 seconds.
  path: Assets/LowPoly Environment Pack/FBX/Terrain_2.fbx
  artifactKey: Guid(cc767c10d36eaa748aaa5b008bf78528) Importer(815301076,1909f56bfc062723c751e8b465ee728b)
Start importing Assets/LowPoly Environment Pack/FBX/Terrain_2.fbx using Guid(cc767c10d36eaa748aaa5b008bf78528) Importer(815301076,1909f56bfc062723c751e8b465ee728b)  -> (artifact id: '25a2adf0a0afd88094c8ea41ed6f7653') in 0.017125 seconds 
  Import took 0.019602 seconds .

========================================================================
Received Import Request.
  Time since last request: 0.000266 seconds.
  path: Assets/LowPoly Environment Pack/FBX/Terrain_1.fbx
  artifactKey: Guid(dcf51a1e867a87e4596f1c757cbdb947) Importer(815301076,1909f56bfc062723c751e8b465ee728b)
Start importing Assets/LowPoly Environment Pack/FBX/Terrain_1.fbx using Guid(dcf51a1e867a87e4596f1c757cbdb947) Importer(815301076,1909f56bfc062723c751e8b465ee728b)  -> (artifact id: '91b2fcc55ceb13729f76e2e1b45e5ab3') in 0.017634 seconds 
  Import took 0.019882 seconds .

========================================================================
Received Import Request.
  Time since last request: 0.000300 seconds.
  path: Assets/LowPoly Environment Pack/FBX/Bush_2.fbx
  artifactKey: Guid(87ad1332cfca6934ea307ce26bfc9dec) Importer(815301076,1909f56bfc062723c751e8b465ee728b)
Start importing Assets/LowPoly Environment Pack/FBX/Bush_2.fbx using Guid(87ad1332cfca6934ea307ce26bfc9dec) Importer(815301076,1909f56bfc062723c751e8b465ee728b)  -> (artifact id: '42a7608857085a7ce36cceb25779fdc0') in 0.018485 seconds 
  Import took 0.021079 seconds .

========================================================================
Received Import Request.
  Time since last request: 0.000286 seconds.
  path: Assets/LowPoly Environment Pack/FBX/Environment_1.fbx
  artifactKey: Guid(a9a560b7bc05a6a46978b53fe4b40f49) Importer(815301076,1909f56bfc062723c751e8b465ee728b)
Start importing Assets/LowPoly Environment Pack/FBX/Environment_1.fbx using Guid(a9a560b7bc05a6a46978b53fe4b40f49) Importer(815301076,1909f56bfc062723c751e8b465ee728b)  -> (artifact id: '2490a003cacb866f7a11f7676d2be400') in 0.019183 seconds 
  Import took 0.021816 seconds .

========================================================================
Received Import Request.
  Time since last request: 0.000273 seconds.
  path: Assets/LowPoly Environment Pack/FBX/Mounting_2.fbx
  artifactKey: Guid(bf8d317df722d644f99e8ff3926c99d9) Importer(815301076,1909f56bfc062723c751e8b465ee728b)
Start importing Assets/LowPoly Environment Pack/FBX/Mounting_2.fbx using Guid(bf8d317df722d644f99e8ff3926c99d9) Importer(815301076,1909f56bfc062723c751e8b465ee728b)  -> (artifact id: 'd04cc72da0f885cfc1736cb2cab33875') in 0.017403 seconds 
  Import took 0.019344 seconds .

========================================================================
Received Import Request.
  Time since last request: 0.000305 seconds.
  path: Assets/LowPoly Environment Pack/FBX/Plant_7.fbx
  artifactKey: Guid(1840141b5d3f43e49a5c7980d5c40da4) Importer(815301076,1909f56bfc062723c751e8b465ee728b)
Start importing Assets/LowPoly Environment Pack/FBX/Plant_7.fbx using Guid(1840141b5d3f43e49a5c7980d5c40da4) Importer(815301076,1909f56bfc062723c751e8b465ee728b)  -> (artifact id: '6cb5ed97bc3d53381e1528eebdf80fcf') in 0.015876 seconds 
  Import took 0.018253 seconds .

========================================================================
Received Import Request.
  Time since last request: 0.000241 seconds.
  path: Assets/LowPoly Environment Pack/FBX/Rock_5.fbx
  artifactKey: Guid(18cea87bdb7d0fa46986e492321f3d1e) Importer(815301076,1909f56bfc062723c751e8b465ee728b)
Start importing Assets/LowPoly Environment Pack/FBX/Rock_5.fbx using Guid(18cea87bdb7d0fa46986e492321f3d1e) Importer(815301076,1909f56bfc062723c751e8b465ee728b)  -> (artifact id: '5c15394efa81868993a942366f71e6ab') in 0.016227 seconds 
  Import took 0.018534 seconds .

========================================================================
Received Import Request.
  Time since last request: 0.000294 seconds.
  path: Assets/LowPoly Environment Pack/FBX/Grass_2.fbx
  artifactKey: Guid(a0873148ac8296f43bcd8ca9f39271e3) Importer(815301076,1909f56bfc062723c751e8b465ee728b)
Start importing Assets/LowPoly Environment Pack/FBX/Grass_2.fbx using Guid(a0873148ac8296f43bcd8ca9f39271e3) Importer(815301076,1909f56bfc062723c751e8b465ee728b)  -> (artifact id: '4618a8baaddf87f4f5c4e6ad7ebdd614') in 0.016387 seconds 
  Import took 0.020615 seconds .

========================================================================
Received Import Request.
  Time since last request: 0.000396 seconds.
  path: Assets/LowPoly Environment Pack/FBX/Rock_2.fbx
  artifactKey: Guid(dfed2e9fb3d8ac84da441095f9422543) Importer(815301076,1909f56bfc062723c751e8b465ee728b)
Start importing Assets/LowPoly Environment Pack/FBX/Rock_2.fbx using Guid(dfed2e9fb3d8ac84da441095f9422543) Importer(815301076,1909f56bfc062723c751e8b465ee728b)  -> (artifact id: 'd499e8180c7be47e9ae34f5bd41e550d') in 0.017585 seconds 
  Import took 0.019554 seconds .

========================================================================
Received Import Request.
  Time since last request: 0.000271 seconds.
  path: Assets/LowPoly Environment Pack/FBX/Bush_3.fbx
  artifactKey: Guid(1e7949aa66587e540b15b43c6b92a25d) Importer(815301076,1909f56bfc062723c751e8b465ee728b)
Start importing Assets/LowPoly Environment Pack/FBX/Bush_3.fbx using Guid(1e7949aa66587e540b15b43c6b92a25d) Importer(815301076,1909f56bfc062723c751e8b465ee728b)  -> (artifact id: '6fa5820dad9300a3e381073249558e65') in 0.016159 seconds 
  Import took 0.018333 seconds .

========================================================================
Received Import Request.
  Time since last request: 0.000244 seconds.
  path: Assets/LowPoly Environment Pack/FBX/Rock_3.fbx
  artifactKey: Guid(f902b41e10cdd2d44aaf1ada606f5d3c) Importer(815301076,1909f56bfc062723c751e8b465ee728b)
Start importing Assets/LowPoly Environment Pack/FBX/Rock_3.fbx using Guid(f902b41e10cdd2d44aaf1ada606f5d3c) Importer(815301076,1909f56bfc062723c751e8b465ee728b)  -> (artifact id: '9d2ca86b80276b2468dd281804872556') in 0.017985 seconds 
  Import took 0.020122 seconds .

========================================================================
Received Import Request.
  Time since last request: 12.981070 seconds.
  path: Assets/LowPoly Environment Pack/Demo/Skybox.mat
  artifactKey: Guid(f14e791cab3ea0c4397ab4827d05bebc) Importer(815301076,1909f56bfc062723c751e8b465ee728b)
Start importing Assets/LowPoly Environment Pack/Demo/Skybox.mat using Guid(f14e791cab3ea0c4397ab4827d05bebc) Importer(815301076,1909f56bfc062723c751e8b465ee728b)  -> (artifact id: '8d09335d866e40c2433b04ec5fe8f468') in 0.093285 seconds 
  Import took 0.095538 seconds .

========================================================================
Received Prepare
Registering precompiled user dll's ...
Registered in 0.002344 seconds.
Begin MonoManager ReloadAssembly
Native extension for WindowsStandalone target not found
Refreshing native plugins compatible for Editor in 0.24 ms, found 2 plugins.
Preloading 0 native plugins for Editor in 0.00 ms.
Mono: successfully reloaded assembly
- Completed reload, in  0.640 seconds
Domain Reload Profiling:
	ReloadAssembly (640ms)
		BeginReloadAssembly (79ms)
			ExecutionOrderSort (0ms)
			DisableScriptedObjects (3ms)
			BackupInstance (0ms)
			ReleaseScriptingObjects (0ms)
			CreateAndSetChildDomain (27ms)
		EndReloadAssembly (516ms)
			LoadAssemblies (62ms)
			RebuildTransferFunctionScriptingTraits (0ms)
			SetupTypeCache (171ms)
			ReleaseScriptCaches (1ms)
			RebuildScriptCaches (24ms)
			SetupLoadedEditorAssemblies (190ms)
				LogAssemblyErrors (0ms)
				InitializePlatformSupportModulesInManaged (3ms)
				SetLoadedEditorAssemblies (0ms)
				RefreshPlugins (0ms)
				BeforeProcessingInitializeOnLoad (32ms)
				ProcessInitializeOnLoadAttributes (147ms)
				ProcessInitializeOnLoadMethodAttributes (3ms)
				AfterProcessingInitializeOnLoad (3ms)
				EditorAssembliesLoaded (0ms)
			ExecutionOrderSort2 (0ms)
			AwakeInstancesAfterBackupRestoration (5ms)
Platform modules already initialized, skipping
Refreshing native plugins compatible for Editor in 0.31 ms, found 2 plugins.
Preloading 0 native plugins for Editor in 0.00 ms.
Unloading 1393 Unused Serialized files (Serialized files now loaded: 0)
System memory in use before: 68.4 MB.
System memory in use after: 68.5 MB.

Unloading 11 unused Assets to reduce memory usage. Loaded Objects now: 1879.
Total: 2.091100 ms (FindLiveObjects: 0.105500 ms CreateObjectMapping: 0.024600 ms MarkObjects: 1.928900 ms  DeleteObjects: 0.030900 ms)

AssetImportParameters requested are different than current active one (requested -> active):
  custom:framework-win-MediaFoundation: 216162199b28c13a410421893ffa2e32 -> 
  custom:video-decoder-ogg-theora: a1e56fd34408186e4bbccfd4996cb3dc -> 
  custom:container-muxer-webm: aa71ff27fc2769a1b78a27578f13a17b -> 
  custom:container-demuxer-webm: 4f35f7cbe854078d1ac9338744f61a02 -> 
  custom:container-demuxer-ogg: 62fdf1f143b41e24485cea50d1cbac27 -> 
  custom:video-encoder-webm-vp8: eb34c28f22e8b96e1ab97ce403110664 -> 
  custom:video-decoder-webm-vp8: 9c59270c3fd7afecdb556c50c9e8de78 -> 
  custom:audio-decoder-ogg-vorbis: bf7c407c2cedff20999df2af8eb42d56 -> 
  custom:audio-encoder-webm-vorbis: bf7c407c2cedff20999df2af8eb42d56 -> 
========================================================================
Received Prepare
Registering precompiled user dll's ...
Registered in 0.004397 seconds.
Begin MonoManager ReloadAssembly
Native extension for WindowsStandalone target not found
Refreshing native plugins compatible for Editor in 0.94 ms, found 2 plugins.
Preloading 0 native plugins for Editor in 0.00 ms.
Mono: successfully reloaded assembly
- Completed reload, in  1.093 seconds
Domain Reload Profiling:
	ReloadAssembly (1094ms)
		BeginReloadAssembly (135ms)
			ExecutionOrderSort (0ms)
			DisableScriptedObjects (5ms)
			BackupInstance (0ms)
			ReleaseScriptingObjects (0ms)
			CreateAndSetChildDomain (57ms)
		EndReloadAssembly (889ms)
			LoadAssemblies (96ms)
			RebuildTransferFunctionScriptingTraits (0ms)
			SetupTypeCache (269ms)
			ReleaseScriptCaches (1ms)
			RebuildScriptCaches (36ms)
			SetupLoadedEditorAssemblies (398ms)
				LogAssemblyErrors (0ms)
				InitializePlatformSupportModulesInManaged (5ms)
				SetLoadedEditorAssemblies (1ms)
				RefreshPlugins (1ms)
				BeforeProcessingInitializeOnLoad (54ms)
				ProcessInitializeOnLoadAttributes (327ms)
				ProcessInitializeOnLoadMethodAttributes (5ms)
				AfterProcessingInitializeOnLoad (5ms)
				EditorAssembliesLoaded (0ms)
			ExecutionOrderSort2 (0ms)
			AwakeInstancesAfterBackupRestoration (7ms)
Platform modules already initialized, skipping
Refreshing native plugins compatible for Editor in 0.28 ms, found 2 plugins.
Preloading 0 native plugins for Editor in 0.00 ms.
Unloading 1393 Unused Serialized files (Serialized files now loaded: 0)
System memory in use before: 68.4 MB.
System memory in use after: 68.5 MB.

Unloading 11 unused Assets to reduce memory usage. Loaded Objects now: 1881.
Total: 3.304100 ms (FindLiveObjects: 0.143200 ms CreateObjectMapping: 0.031100 ms MarkObjects: 3.103900 ms  DeleteObjects: 0.024200 ms)

AssetImportParameters requested are different than current active one (requested -> active):
  custom:framework-win-MediaFoundation: 216162199b28c13a410421893ffa2e32 -> 
  custom:video-decoder-ogg-theora: a1e56fd34408186e4bbccfd4996cb3dc -> 
  custom:container-muxer-webm: aa71ff27fc2769a1b78a27578f13a17b -> 
  custom:container-demuxer-webm: 4f35f7cbe854078d1ac9338744f61a02 -> 
  custom:container-demuxer-ogg: 62fdf1f143b41e24485cea50d1cbac27 -> 
  custom:video-encoder-webm-vp8: eb34c28f22e8b96e1ab97ce403110664 -> 
  custom:video-decoder-webm-vp8: 9c59270c3fd7afecdb556c50c9e8de78 -> 
  custom:audio-decoder-ogg-vorbis: bf7c407c2cedff20999df2af8eb42d56 -> 
  custom:audio-encoder-webm-vorbis: bf7c407c2cedff20999df2af8eb42d56 -> 
========================================================================
Received Prepare
Registering precompiled user dll's ...
Registered in 0.002768 seconds.
Begin MonoManager ReloadAssembly
Native extension for WindowsStandalone target not found
Refreshing native plugins compatible for Editor in 0.31 ms, found 2 plugins.
Preloading 0 native plugins for Editor in 0.00 ms.
Mono: successfully reloaded assembly
- Completed reload, in  0.874 seconds
Domain Reload Profiling:
	ReloadAssembly (875ms)
		BeginReloadAssembly (112ms)
			ExecutionOrderSort (0ms)
			DisableScriptedObjects (6ms)
			BackupInstance (0ms)
			ReleaseScriptingObjects (0ms)
			CreateAndSetChildDomain (34ms)
		EndReloadAssembly (703ms)
			LoadAssemblies (87ms)
			RebuildTransferFunctionScriptingTraits (0ms)
			SetupTypeCache (238ms)
			ReleaseScriptCaches (1ms)
			RebuildScriptCaches (35ms)
			SetupLoadedEditorAssemblies (262ms)
				LogAssemblyErrors (0ms)
				InitializePlatformSupportModulesInManaged (5ms)
				SetLoadedEditorAssemblies (0ms)
				RefreshPlugins (0ms)
				BeforeProcessingInitializeOnLoad (47ms)
				ProcessInitializeOnLoadAttributes (201ms)
				ProcessInitializeOnLoadMethodAttributes (4ms)
				AfterProcessingInitializeOnLoad (5ms)
				EditorAssembliesLoaded (0ms)
			ExecutionOrderSort2 (0ms)
			AwakeInstancesAfterBackupRestoration (6ms)
Platform modules already initialized, skipping
Refreshing native plugins compatible for Editor in 0.35 ms, found 2 plugins.
Preloading 0 native plugins for Editor in 0.00 ms.
Unloading 1393 Unused Serialized files (Serialized files now loaded: 0)
System memory in use before: 68.5 MB.
System memory in use after: 68.6 MB.

Unloading 11 unused Assets to reduce memory usage. Loaded Objects now: 1883.
Total: 2.728300 ms (FindLiveObjects: 0.123100 ms CreateObjectMapping: 0.031000 ms MarkObjects: 2.553500 ms  DeleteObjects: 0.019200 ms)

AssetImportParameters requested are different than current active one (requested -> active):
  custom:framework-win-MediaFoundation: 216162199b28c13a410421893ffa2e32 -> 
  custom:video-decoder-ogg-theora: a1e56fd34408186e4bbccfd4996cb3dc -> 
  custom:container-muxer-webm: aa71ff27fc2769a1b78a27578f13a17b -> 
  custom:container-demuxer-webm: 4f35f7cbe854078d1ac9338744f61a02 -> 
  custom:container-demuxer-ogg: 62fdf1f143b41e24485cea50d1cbac27 -> 
  custom:video-encoder-webm-vp8: eb34c28f22e8b96e1ab97ce403110664 -> 
  custom:video-decoder-webm-vp8: 9c59270c3fd7afecdb556c50c9e8de78 -> 
  custom:audio-decoder-ogg-vorbis: bf7c407c2cedff20999df2af8eb42d56 -> 
  custom:audio-encoder-webm-vorbis: bf7c407c2cedff20999df2af8eb42d56 -> 
========================================================================
Received Prepare
Registering precompiled user dll's ...
Registered in 0.002500 seconds.
Begin MonoManager ReloadAssembly
Native extension for WindowsStandalone target not found
Refreshing native plugins compatible for Editor in 0.26 ms, found 2 plugins.
Preloading 0 native plugins for Editor in 0.00 ms.
Mono: successfully reloaded assembly
- Completed reload, in  0.669 seconds
Domain Reload Profiling:
	ReloadAssembly (669ms)
		BeginReloadAssembly (79ms)
			ExecutionOrderSort (0ms)
			DisableScriptedObjects (3ms)
			BackupInstance (0ms)
			ReleaseScriptingObjects (0ms)
			CreateAndSetChildDomain (27ms)
		EndReloadAssembly (546ms)
			LoadAssemblies (62ms)
			RebuildTransferFunctionScriptingTraits (0ms)
			SetupTypeCache (188ms)
			ReleaseScriptCaches (2ms)
			RebuildScriptCaches (31ms)
			SetupLoadedEditorAssemblies (198ms)
				LogAssemblyErrors (0ms)
				InitializePlatformSupportModulesInManaged (5ms)
				SetLoadedEditorAssemblies (0ms)
				RefreshPlugins (0ms)
				BeforeProcessingInitializeOnLoad (34ms)
				ProcessInitializeOnLoadAttributes (152ms)
				ProcessInitializeOnLoadMethodAttributes (3ms)
				AfterProcessingInitializeOnLoad (3ms)
				EditorAssembliesLoaded (0ms)
			ExecutionOrderSort2 (0ms)
			AwakeInstancesAfterBackupRestoration (5ms)
Platform modules already initialized, skipping
Refreshing native plugins compatible for Editor in 0.26 ms, found 2 plugins.
Preloading 0 native plugins for Editor in 0.00 ms.
Unloading 1393 Unused Serialized files (Serialized files now loaded: 0)
System memory in use before: 68.5 MB.
System memory in use after: 68.6 MB.

Unloading 11 unused Assets to reduce memory usage. Loaded Objects now: 1885.
Total: 2.054800 ms (FindLiveObjects: 0.105400 ms CreateObjectMapping: 0.023600 ms MarkObjects: 1.892900 ms  DeleteObjects: 0.031400 ms)

AssetImportParameters requested are different than current active one (requested -> active):
  custom:framework-win-MediaFoundation: 216162199b28c13a410421893ffa2e32 -> 
  custom:video-decoder-ogg-theora: a1e56fd34408186e4bbccfd4996cb3dc -> 
  custom:container-muxer-webm: aa71ff27fc2769a1b78a27578f13a17b -> 
  custom:container-demuxer-webm: 4f35f7cbe854078d1ac9338744f61a02 -> 
  custom:container-demuxer-ogg: 62fdf1f143b41e24485cea50d1cbac27 -> 
  custom:video-encoder-webm-vp8: eb34c28f22e8b96e1ab97ce403110664 -> 
  custom:video-decoder-webm-vp8: 9c59270c3fd7afecdb556c50c9e8de78 -> 
  custom:audio-decoder-ogg-vorbis: bf7c407c2cedff20999df2af8eb42d56 -> 
  custom:audio-encoder-webm-vorbis: bf7c407c2cedff20999df2af8eb42d56 -> 
AssetImportWorkerClient::OnTransportError - code=2 error=End of file
